<?xml version="1.0" encoding="UTF-8"?>
<!-- Generated by org.testng.reporters.JUnitXMLReporter -->
<testsuite ignored="0" hostname="Siva" failures="0" tests="4" name="loginTest" time="34.176" errors="0" timestamp="2023-12-21T10:29:14 IST">
  <testcase classname="demoProjectTesting.BothCorrect" name="LoginWithCorrectCredentials" time="10.451"/>
  <testcase classname="demoProjectTesting.BothInCorrect" name="LoginWithInCorrectCredentials" time="7.333"/>
  <testcase classname="demoProjectTesting.CorrectPassword" name="LoginWithOnlyCorrectPassword" time="8.937"/>
  <testcase classname="demoProjectTesting.CorrectUserName" name="LoginWithOnlyCorrectUserName" time="7.427"/>
</testsuite> <!-- loginTest -->
