<?xml version="1.0" encoding="UTF-8"?>
<testng-results ignored="0" total="4" passed="4" failed="0" skipped="0">
  <reporter-output>
  </reporter-output>
  <suite started-at="2023-12-21T11:33:04 IST" name="demoSite" finished-at="2023-12-21T11:33:41 IST" duration-ms="37740">
    <groups>
    </groups>
    <test started-at="2023-12-21T11:33:04 IST" name="BothCorrect" finished-at="2023-12-21T11:33:12 IST" duration-ms="8273">
      <class name="demoProjectTesting.BothCorrect">
        <test-method signature="LoginWithCorrectCredentials(java.lang.String,java.lang.String)[pri:0, instance:demoProjectTesting.BothCorrect@4116aac9]" started-at="2023-12-21T11:33:04 IST" name="LoginWithCorrectCredentials" finished-at="2023-12-21T11:33:12 IST" duration-ms="8247" status="PASS">
          <params>
            <param index="0">
              <value>
                <![CDATA[Admin]]>
              </value>
            </param>
            <param index="1">
              <value>
                <![CDATA[admin123]]>
              </value>
            </param>
          </params>
          <reporter-output>
          </reporter-output>
        </test-method> <!-- LoginWithCorrectCredentials -->
      </class> <!-- demoProjectTesting.BothCorrect -->
    </test> <!-- BothCorrect -->
    <test started-at="2023-12-21T11:33:12 IST" name="BothInCorrect" finished-at="2023-12-21T11:33:20 IST" duration-ms="8417">
      <class name="demoProjectTesting.BothInCorrect">
        <test-method signature="LoginWithInCorrectCredentials(java.lang.String,java.lang.String)[pri:0, instance:demoProjectTesting.BothInCorrect@13b6aecc]" started-at="2023-12-21T11:33:12 IST" name="LoginWithInCorrectCredentials" finished-at="2023-12-21T11:33:20 IST" duration-ms="8417" status="PASS">
          <params>
            <param index="0">
              <value>
                <![CDATA[dummy]]>
              </value>
            </param>
            <param index="1">
              <value>
                <![CDATA[bava]]>
              </value>
            </param>
          </params>
          <reporter-output>
          </reporter-output>
        </test-method> <!-- LoginWithInCorrectCredentials -->
      </class> <!-- demoProjectTesting.BothInCorrect -->
    </test> <!-- BothInCorrect -->
    <test started-at="2023-12-21T11:33:20 IST" name="CorrectUsername" finished-at="2023-12-21T11:33:30 IST" duration-ms="9346">
      <class name="demoProjectTesting.CorrectUserName">
        <test-method signature="LoginWithOnlyCorrectUserName(java.lang.String,java.lang.String)[pri:0, instance:demoProjectTesting.CorrectUserName@7530ad9c]" started-at="2023-12-21T11:33:20 IST" name="LoginWithOnlyCorrectUserName" finished-at="2023-12-21T11:33:30 IST" duration-ms="9344" status="PASS">
          <params>
            <param index="0">
              <value>
                <![CDATA[Admin]]>
              </value>
            </param>
            <param index="1">
              <value>
                <![CDATA[bava]]>
              </value>
            </param>
          </params>
          <reporter-output>
          </reporter-output>
        </test-method> <!-- LoginWithOnlyCorrectUserName -->
      </class> <!-- demoProjectTesting.CorrectUserName -->
    </test> <!-- CorrectUsername -->
    <test started-at="2023-12-21T11:33:30 IST" name="CorrectPassword" finished-at="2023-12-21T11:33:41 IST" duration-ms="11674">
      <class name="demoProjectTesting.CorrectPassword">
        <test-method signature="LoginWithOnlyCorrectPassword(java.lang.String,java.lang.String)[pri:0, instance:demoProjectTesting.CorrectPassword@33c911a1]" started-at="2023-12-21T11:33:30 IST" name="LoginWithOnlyCorrectPassword" finished-at="2023-12-21T11:33:41 IST" duration-ms="11673" status="PASS">
          <params>
            <param index="0">
              <value>
                <![CDATA[dummy]]>
              </value>
            </param>
            <param index="1">
              <value>
                <![CDATA[admin123]]>
              </value>
            </param>
          </params>
          <reporter-output>
          </reporter-output>
        </test-method> <!-- LoginWithOnlyCorrectPassword -->
      </class> <!-- demoProjectTesting.CorrectPassword -->
    </test> <!-- CorrectPassword -->
  </suite> <!-- demoSite -->
</testng-results>
